/*C4*/SET SCHEMA PUBLIC
CREATE TABLE AUTOR ( ID INT, NOMBRE VARCHAR(45) )
DISCONNECT
/*C5*/SET SCHEMA PUBLIC
DISCONNECT
/*C6*/SET SCHEMA PUBLIC
DISCONNECT
/*C7*/SET SCHEMA PUBLIC
DISCONNECT
/*C8*/SET SCHEMA PUBLIC
DISCONNECT
/*C3*/SET SCHEMA PUBLIC
INSERT INTO AUTOR VALUES(8,'ABER')
COMMIT
INSERT INTO AUTOR VALUES(8,'ABER')
COMMIT
/*C9*/SET SCHEMA PUBLIC
INSERT INTO AUTOR VALUES(8,'ABER')
COMMIT
DISCONNECT
/*C10*/SET SCHEMA PUBLIC
INSERT INTO AUTOR VALUES(8,'ABER')
COMMIT
DISCONNECT
/*C11*/SET SCHEMA PUBLIC
INSERT INTO AUTOR VALUES(8,'ABER')
COMMIT
DISCONNECT
/*C12*/SET SCHEMA PUBLIC
INSERT INTO AUTOR VALUES(8,'ABER')
COMMIT
DISCONNECT
/*C13*/SET SCHEMA PUBLIC
INSERT INTO AUTOR VALUES(8,'ABER')
COMMIT
DISCONNECT
